<?xml version="1.0" encoding="UTF-8"?>
<!-- Generated by org.testng.reporters.JUnitReportReporter -->
<testsuite hostname="ganga-PC" name="com.maven.sampletest" tests="1" failures="0" timestamp="28 Feb 2016 02:03:31 GMT" time="16.886" errors="0">
  <testcase name="test" time="16.886" classname="com.maven.sampletest"/>
</testsuite> <!-- com.maven.sampletest -->
