<?xml version="1.0" encoding="UTF-8"?>
<!-- Generated by org.testng.reporters.JUnitReportReporter -->
<testsuite hostname="ganga-PC" name="com.maven.AppTest" tests="1" failures="0" timestamp="28 Feb 2016 03:26:44 GMT" time="0.003" errors="0">
  <testcase name="testApp" time="0.003" classname="com.maven.AppTest"/>
</testsuite> <!-- com.maven.AppTest -->
